Using pre-set license
Built from '2021.1/release' branch; Version is '2021.1.0f1 (61a549675243) revision 6399305'; Using compiler version '192528614'; Build Type 'Release'
OS: 'Windows 10 Enterprise; OS build 19042.1526; Version 2009; 64bit' Language: 'en' Physical Memory: 32614 MB
BatchMode: 1, IsHumanControllingUs: 0, StartBugReporterOnCrash: 0, Is64bit: 1, IsPro: 0

 COMMAND LINE ARGUMENTS:
C:\Program Files\Unity\Hub\Editor\2021.1.0f1\Editor\Unity.exe
-adb2
-batchMode
-noUpm
-name
AssetImportWorker0
-projectPath
C:/IVE/online teaching/ITP4716M/working
-logFile
Logs/AssetImportWorker0.log
-srvPort
4092
Successfully changed project path to: C:/IVE/online teaching/ITP4716M/working
C:/IVE/online teaching/ITP4716M/working
Using Asset Import Pipeline V2.
Refreshing native plugins compatible for Editor in 129.35 ms, found 1 plugins.
Preloading 0 native plugins for Editor in 0.00 ms.
Initialize engine version: 2021.1.0f1 (61a549675243)
[Subsystems] Discovering subsystems at path C:/Program Files/Unity/Hub/Editor/2021.1.0f1/Editor/Data/Resources/UnitySubsystems
[Subsystems] Discovering subsystems at path C:/IVE/online teaching/ITP4716M/working/Assets
GfxDevice: creating device client; threaded=0; jobified=0
Direct3D:
    Version:  Direct3D 11.0 [level 11.1]
    Renderer: NVIDIA GeForce GTX 1070 (ID=0x1ba1)
    Vendor:   NVIDIA
    VRAM:     8081 MB
    Driver:   26.21.14.3648
Initialize mono
Mono path[0] = 'C:/Program Files/Unity/Hub/Editor/2021.1.0f1/Editor/Data/Managed'
Mono path[1] = 'C:/Program Files/Unity/Hub/Editor/2021.1.0f1/Editor/Data/MonoBleedingEdge/lib/mono/unityjit'
Mono config path = 'C:/Program Files/Unity/Hub/Editor/2021.1.0f1/Editor/Data/MonoBleedingEdge/etc'
Using monoOptions --debugger-agent=transport=dt_socket,embedding=1,server=y,suspend=n,address=127.0.0.1:56944
Begin MonoManager ReloadAssembly
Registering precompiled unity dll's ...
Register platform support module: C:/Program Files/Unity/Hub/Editor/2021.1.0f1/Editor/Data/PlaybackEngines/WebGLSupport/UnityEditor.WebGL.Extensions.dll
Register platform support module: C:/Program Files/Unity/Hub/Editor/2021.1.0f1/Editor/Data/PlaybackEngines/WindowsStandaloneSupport/UnityEditor.WindowsStandalone.Extensions.dll
Registered in 0.005484 seconds.
Native extension for WindowsStandalone target not found
Native extension for WebGL target not found
Refreshing native plugins compatible for Editor in 131.84 ms, found 1 plugins.
Preloading 0 native plugins for Editor in 0.00 ms.
Mono: successfully reloaded assembly
- Completed reload, in  4.843 seconds
Platform modules already initialized, skipping
Registering precompiled user dll's ...
Registered in 0.007391 seconds.
Begin MonoManager ReloadAssembly
Native extension for WindowsStandalone target not found
Native extension for WebGL target not found
Refreshing native plugins compatible for Editor in 0.66 ms, found 1 plugins.
Preloading 0 native plugins for Editor in 0.00 ms.
Mono: successfully reloaded assembly
- Completed reload, in  1.696 seconds
Platform modules already initialized, skipping
========================================================================
Worker process is ready to serve import requests
Launched and connected shader compiler UnityShaderCompiler.exe after 0.09 seconds
Refreshing native plugins compatible for Editor in 0.69 ms, found 1 plugins.
Preloading 0 native plugins for Editor in 0.00 ms.
Unloading 2665 Unused Serialized files (Serialized files now loaded: 0)
System memory in use before: 98.1 MB.
System memory in use after: 98.3 MB.

Unloading 14 unused Assets to reduce memory usage. Loaded Objects now: 3117.
Total: 3.362900 ms (FindLiveObjects: 0.331700 ms CreateObjectMapping: 0.211300 ms MarkObjects: 2.740000 ms  DeleteObjects: 0.078300 ms)

========================================================================
Received Import Request.
  path: Assets/myScript.cs
  artifactKey: Guid(cb753cd180301374aa471bbcbba9b577) Importer(815301076,1909f56bfc062723c751e8b465ee728b)
Start importing Assets/myScript.cs using Guid(cb753cd180301374aa471bbcbba9b577) Importer(815301076,1909f56bfc062723c751e8b465ee728b)  -> (artifact id: 'b178edbcd78e0fd9ced4906323c6079a') in 0.056814 seconds 
========================================================================
Received Import Request.
  Time since last request: 1.458524 seconds.
  path: Assets/myScript2.cs
  artifactKey: Guid(b15d0a1f26598af49866a37ae1855940) Importer(815301076,1909f56bfc062723c751e8b465ee728b)
Start importing Assets/myScript2.cs using Guid(b15d0a1f26598af49866a37ae1855940) Importer(815301076,1909f56bfc062723c751e8b465ee728b)  -> (artifact id: '8f8a808667f40b83ea9ea5c6f62d3edd') in 0.015733 seconds 
========================================================================
Received Prepare
Registering precompiled user dll's ...
Registered in 0.008730 seconds.
Begin MonoManager ReloadAssembly
Native extension for WindowsStandalone target not found
Native extension for WebGL target not found
Refreshing native plugins compatible for Editor in 0.71 ms, found 1 plugins.
Preloading 0 native plugins for Editor in 0.00 ms.
Mono: successfully reloaded assembly
- Completed reload, in  1.621 seconds
Platform modules already initialized, skipping
Refreshing native plugins compatible for Editor in 0.66 ms, found 1 plugins.
Preloading 0 native plugins for Editor in 0.00 ms.
Unloading 2660 Unused Serialized files (Serialized files now loaded: 0)
System memory in use before: 97.9 MB.
System memory in use after: 98.1 MB.

Unloading 9 unused Assets to reduce memory usage. Loaded Objects now: 3121.
Total: 3.371400 ms (FindLiveObjects: 0.341100 ms CreateObjectMapping: 0.302500 ms MarkObjects: 2.689800 ms  DeleteObjects: 0.036700 ms)

========================================================================
Received Prepare
Registering precompiled user dll's ...
Registered in 0.006945 seconds.
Begin MonoManager ReloadAssembly
Native extension for WindowsStandalone target not found
Native extension for WebGL target not found
Refreshing native plugins compatible for Editor in 1.31 ms, found 1 plugins.
Preloading 0 native plugins for Editor in 0.00 ms.
Mono: successfully reloaded assembly
- Completed reload, in  1.547 seconds
Platform modules already initialized, skipping
Refreshing native plugins compatible for Editor in 1.03 ms, found 1 plugins.
Preloading 0 native plugins for Editor in 0.00 ms.
Unloading 2660 Unused Serialized files (Serialized files now loaded: 0)
System memory in use before: 98.0 MB.
System memory in use after: 98.2 MB.

Unloading 9 unused Assets to reduce memory usage. Loaded Objects now: 3124.
Total: 3.648900 ms (FindLiveObjects: 0.374000 ms CreateObjectMapping: 0.281000 ms MarkObjects: 2.967700 ms  DeleteObjects: 0.024500 ms)

========================================================================
Received Import Request.
  Time since last request: 55.972194 seconds.
  path: Assets/myScript2.cs
  artifactKey: Guid(b15d0a1f26598af49866a37ae1855940) Importer(815301076,1909f56bfc062723c751e8b465ee728b)
Start importing Assets/myScript2.cs using Guid(b15d0a1f26598af49866a37ae1855940) Importer(815301076,1909f56bfc062723c751e8b465ee728b)  -> (artifact id: '78bed3a0e338e1ff914b55a2234eb5d1') in 0.014119 seconds 
